{
  "stats": {
    "suites": 1,
    "tests": 6,
    "passes": 5,
    "pending": 1,
    "failures": 0,
    "start": "2023-02-23T06:16:55.775Z",
    "end": "2023-02-23T06:17:26.216Z",
    "duration": 30441,
    "testsRegistered": 6,
    "passPercent": 100,
    "pendingPercent": 16.666666666666664,
    "other": 0,
    "hasOther": false,
    "skipped": 0,
    "hasSkipped": false
  },
  "results": [
    {
      "uuid": "fcea1f77-a9e3-4cad-81ed-cc13ba737a1f",
      "title": "",
      "fullFile": "cypress\\e2e\\Swaglabs\\SwagLabs.js",
      "file": "cypress\\e2e\\Swaglabs\\SwagLabs.js",
      "beforeHooks": [],
      "afterHooks": [],
      "tests": [],
      "suites": [
        {
          "uuid": "1ab7e5f2-6964-4e8e-a5d1-6eed6f04d4d0",
          "title": "Swaglabs",
          "fullFile": "",
          "file": "",
          "beforeHooks": [],
          "afterHooks": [],
          "tests": [
            {
              "title": "Verify all the users are able to login successfully",
              "fullTitle": "Swaglabs Verify all the users are able to login successfully",
              "timedOut": null,
              "duration": 12870,
              "state": "passed",
              "speed": "slow",
              "pass": true,
              "fail": false,
              "pending": false,
              "context": null,
              "code": "//Standard User\ncy.login(this.data.standarduser, this.data.password);\ncy.logout();\n//problem_user\ncy.login(this.data.probelemuser, this.data.password);\ncy.logout();\n//performance_glitch_user\ncy.login(this.data.perfomanceglitchuser, this.data.password);\ncy.logout();\n//locked_out_user\ncy.login(this.data.lockedoutuser, this.data.password);\ncy.lockedoutUserError(this.data.lockedusererror);",
              "err": {},
              "uuid": "a520d95d-c0c2-4cdd-b5b7-75301741a276",
              "parentUUID": "1ab7e5f2-6964-4e8e-a5d1-6eed6f04d4d0",
              "isHook": false,
              "skipped": false
            },
            {
              "title": "Verify Standard User, search and add multiple products and complete the purchase and shipping flow",
              "fullTitle": "Swaglabs Verify Standard User, search and add multiple products and complete the purchase and shipping flow",
              "timedOut": null,
              "duration": 3384,
              "state": "passed",
              "speed": "fast",
              "pass": true,
              "fail": false,
              "pending": false,
              "context": null,
              "code": "cy.login(this.data.standarduser, this.data.password);\ncy.selectProduct(this.data.productname);\ncy.purchaseShippingFlow(this.data.firstname, this.data.lastname, this.data.postalcode, this.data.successmessage);\ncy.logout();",
              "err": {},
              "uuid": "436db933-d110-4345-980e-ae9c493013ea",
              "parentUUID": "1ab7e5f2-6964-4e8e-a5d1-6eed6f04d4d0",
              "isHook": false,
              "skipped": false
            },
            {
              "title": "Locked user, verify the locked scenario",
              "fullTitle": "Swaglabs Locked user, verify the locked scenario",
              "timedOut": null,
              "duration": 1079,
              "state": "passed",
              "speed": "fast",
              "pass": true,
              "fail": false,
              "pending": false,
              "context": null,
              "code": "//locked_out_user\ncy.login(this.data.lockedoutuser, this.data.password);\ncy.lockedoutUserError(this.data.lockedusererror);",
              "err": {},
              "uuid": "2fbc534e-7521-4e3c-8169-d6c8eeac8a43",
              "parentUUID": "1ab7e5f2-6964-4e8e-a5d1-6eed6f04d4d0",
              "isHook": false,
              "skipped": false
            },
            {
              "title": "Problem user, verify able to login and see products but problem popup is shown",
              "fullTitle": "Swaglabs Problem user, verify able to login and see products but problem popup is shown",
              "timedOut": null,
              "duration": 2648,
              "state": "passed",
              "speed": "fast",
              "pass": true,
              "fail": false,
              "pending": false,
              "context": null,
              "code": "//problem_user\ncy.login(this.data.probelemuser, this.data.password);\n//cy.wait(3000)\nproblemhomepage.getProducts();\ncy.selectProduct(this.data.problemuserproductname);\ncy.problemUserPurchaseShippingFlow(this.data.firstname, this.data.lastname, this.data.postalcode, this.data.lastnameerror);\ncy.on(\"window:alert\", str => {\n  expect(str).to.contains(this.data.popuptext);\n});",
              "err": {},
              "uuid": "0a740bc0-8608-453f-90ff-f23f9a8007f0",
              "parentUUID": "1ab7e5f2-6964-4e8e-a5d1-6eed6f04d4d0",
              "isHook": false,
              "skipped": false
            },
            {
              "title": "performance_glitch_user, able to login and delay is observed on the login screen",
              "fullTitle": "Swaglabs performance_glitch_user, able to login and delay is observed on the login screen",
              "timedOut": null,
              "duration": 7343,
              "state": "passed",
              "speed": "medium",
              "pass": true,
              "fail": false,
              "pending": false,
              "context": null,
              "code": "cy.normalUser(this.data.standarduser, this.data.password);\ncy.glitchUser(this.data.perfomanceglitchuser, this.data.password);\ncy.delay();",
              "err": {},
              "uuid": "c94bc042-2500-4582-a456-a821d0043b38",
              "parentUUID": "1ab7e5f2-6964-4e8e-a5d1-6eed6f04d4d0",
              "isHook": false,
              "skipped": false
            },
            {
              "title": "Verify all the users are able to login successfully",
              "fullTitle": "Swaglabs Verify all the users are able to login successfully",
              "timedOut": null,
              "duration": 0,
              "state": "pending",
              "speed": null,
              "pass": false,
              "fail": false,
              "pending": true,
              "context": null,
              "code": "cy.login(this.data.standarduser, this.data.password);",
              "err": {},
              "uuid": "70784538-4dd1-42da-ba87-7dfc1b3874f3",
              "parentUUID": "1ab7e5f2-6964-4e8e-a5d1-6eed6f04d4d0",
              "isHook": false,
              "skipped": false
            }
          ],
          "suites": [],
          "passes": [
            "a520d95d-c0c2-4cdd-b5b7-75301741a276",
            "436db933-d110-4345-980e-ae9c493013ea",
            "2fbc534e-7521-4e3c-8169-d6c8eeac8a43",
            "0a740bc0-8608-453f-90ff-f23f9a8007f0",
            "c94bc042-2500-4582-a456-a821d0043b38"
          ],
          "failures": [],
          "pending": [
            "70784538-4dd1-42da-ba87-7dfc1b3874f3"
          ],
          "skipped": [],
          "duration": 27324,
          "root": false,
          "rootEmpty": false,
          "_timeout": 2000
        }
      ],
      "passes": [],
      "failures": [],
      "pending": [],
      "skipped": [],
      "duration": 0,
      "root": true,
      "rootEmpty": true,
      "_timeout": 2000
    }
  ],
  "meta": {
    "mocha": {
      "version": "7.0.1"
    },
    "mochawesome": {
      "options": {
        "quiet": false,
        "reportFilename": "mochawesome",
        "saveHtml": false,
        "saveJson": true,
        "consoleReporter": "spec",
        "useInlineDiffs": false,
        "code": true
      },
      "version": "7.1.3"
    },
    "marge": {
      "options": {
        "reportDir": "cypress/results",
        "overwrite": false,
        "html": false,
        "json": true
      },
      "version": "6.2.0"
    }
  }
}