{
  "stats": {
    "suites": 1,
    "tests": 2,
    "passes": 1,
    "pending": 5,
    "failures": -4,
    "start": "2023-02-15T06:56:32.458Z",
    "end": "2023-02-15T06:56:51.819Z",
    "duration": 19361,
    "testsRegistered": 6,
    "passPercent": 100,
    "pendingPercent": 83.33333333333334,
    "other": 4,
    "hasOther": true,
    "skipped": 0,
    "hasSkipped": false
  },
  "results": [
    {
      "uuid": "d0b438fc-885f-4d2b-a0db-cb9becbe3c08",
      "title": "",
      "fullFile": "cypress\\e2e\\Swaglabs\\SwagLabs.js",
      "file": "cypress\\e2e\\Swaglabs\\SwagLabs.js",
      "beforeHooks": [],
      "afterHooks": [],
      "tests": [],
      "suites": [
        {
          "uuid": "2f91b40f-6807-44ae-b5bc-48ecf131e720",
          "title": "Swaglabs",
          "fullFile": "",
          "file": "",
          "beforeHooks": [],
          "afterHooks": [],
          "tests": [
            {
              "title": "Verify all the users are able to login successfully",
              "fullTitle": "Swaglabs Verify all the users are able to login successfully",
              "timedOut": null,
              "duration": 15000,
              "state": "passed",
              "speed": "slow",
              "pass": true,
              "fail": false,
              "pending": false,
              "context": null,
              "code": "//Standard User\ncy.login(this.data.standarduser, this.data.password);\ncy.logout();\n//problem_user\ncy.login(this.data.probelemuser, this.data.password);\ncy.logout();\n//performance_glitch_user\ncy.login(this.data.perfomanceglitchuser, this.data.password);\ncy.logout();\n//locked_out_user\ncy.login(this.data.lockedoutuser, this.data.password);\ncy.lockedoutUserError(this.data.lockedusererror);",
              "err": {},
              "uuid": "7f9e5578-b5ba-4ab6-9333-c1459cf109b1",
              "parentUUID": "2f91b40f-6807-44ae-b5bc-48ecf131e720",
              "isHook": false,
              "skipped": false
            },
            {
              "title": "Verify Standard User, search and add multiple products and complete the purchase and shipping flow",
              "fullTitle": "Swaglabs Verify Standard User, search and add multiple products and complete the purchase and shipping flow",
              "timedOut": null,
              "duration": 0,
              "state": "pending",
              "speed": null,
              "pass": false,
              "fail": false,
              "pending": true,
              "context": null,
              "code": "cy.login(this.data.standarduser, this.data.password);\ncy.selectProduct(this.data.productname);\ncy.purchaseShippingFlow(this.data.firstname, this.data.lastname, this.data.postalcode, this.data.successmessage);\ncy.logout();",
              "err": {},
              "uuid": "406fb50e-3e4f-4386-adae-d531cbdf2896",
              "parentUUID": "2f91b40f-6807-44ae-b5bc-48ecf131e720",
              "isHook": false,
              "skipped": false
            },
            {
              "title": "Locked user, verify the locked scenario",
              "fullTitle": "Swaglabs Locked user, verify the locked scenario",
              "timedOut": null,
              "duration": 0,
              "state": "pending",
              "speed": null,
              "pass": false,
              "fail": false,
              "pending": true,
              "context": null,
              "code": "//locked_out_user\ncy.login(this.data.lockedoutuser, this.data.password);\ncy.lockedoutUserError(this.data.lockedusererror);",
              "err": {},
              "uuid": "01e91ee3-676f-4e25-951e-215ced2d52db",
              "parentUUID": "2f91b40f-6807-44ae-b5bc-48ecf131e720",
              "isHook": false,
              "skipped": false
            },
            {
              "title": "Problem user, verify able to login and see products but problem popup is shown",
              "fullTitle": "Swaglabs Problem user, verify able to login and see products but problem popup is shown",
              "timedOut": null,
              "duration": 0,
              "state": "pending",
              "speed": null,
              "pass": false,
              "fail": false,
              "pending": true,
              "context": null,
              "code": "//problem_user\ncy.login(this.data.probelemuser, this.data.password);\n//cy.wait(3000)\nproblemhomepage.getProducts();\ncy.selectProduct(this.data.problemuserproductname);\ncy.problemUserPurchaseShippingFlow(this.data.firstname, this.data.lastname, this.data.postalcode, this.data.lastnameerror);\ncy.on(\"window:alert\", str => {\n  expect(str).to.contains(this.data.popuptext);\n});",
              "err": {},
              "uuid": "12ca928b-6b80-4e00-8791-17a1eec3a5fc",
              "parentUUID": "2f91b40f-6807-44ae-b5bc-48ecf131e720",
              "isHook": false,
              "skipped": false
            },
            {
              "title": "performance_glitch_user, able to login and delay is observed on the login screen",
              "fullTitle": "Swaglabs performance_glitch_user, able to login and delay is observed on the login screen",
              "timedOut": null,
              "duration": 0,
              "state": "pending",
              "speed": null,
              "pass": false,
              "fail": false,
              "pending": true,
              "context": null,
              "code": "cy.normalUser(this.data.standarduser, this.data.password);\ncy.glitchUser(this.data.perfomanceglitchuser, this.data.password);\ncy.delay();",
              "err": {},
              "uuid": "7549c4fd-72fa-431b-8fce-b0e91d350560",
              "parentUUID": "2f91b40f-6807-44ae-b5bc-48ecf131e720",
              "isHook": false,
              "skipped": false
            },
            {
              "title": "Verify all the users are able to login successfully",
              "fullTitle": "Swaglabs Verify all the users are able to login successfully",
              "timedOut": null,
              "duration": 0,
              "state": "pending",
              "speed": null,
              "pass": false,
              "fail": false,
              "pending": true,
              "context": null,
              "code": "cy.login(this.data.standarduser, this.data.password);",
              "err": {},
              "uuid": "226bb79c-95b7-46c4-9b5c-c2e0f0ab29e8",
              "parentUUID": "2f91b40f-6807-44ae-b5bc-48ecf131e720",
              "isHook": false,
              "skipped": false
            }
          ],
          "suites": [],
          "passes": [
            "7f9e5578-b5ba-4ab6-9333-c1459cf109b1"
          ],
          "failures": [],
          "pending": [
            "406fb50e-3e4f-4386-adae-d531cbdf2896",
            "01e91ee3-676f-4e25-951e-215ced2d52db",
            "12ca928b-6b80-4e00-8791-17a1eec3a5fc",
            "7549c4fd-72fa-431b-8fce-b0e91d350560",
            "226bb79c-95b7-46c4-9b5c-c2e0f0ab29e8"
          ],
          "skipped": [],
          "duration": 15000,
          "root": false,
          "rootEmpty": false,
          "_timeout": 2000
        }
      ],
      "passes": [],
      "failures": [],
      "pending": [],
      "skipped": [],
      "duration": 0,
      "root": true,
      "rootEmpty": true,
      "_timeout": 2000
    }
  ],
  "meta": {
    "mocha": {
      "version": "7.0.1"
    },
    "mochawesome": {
      "options": {
        "quiet": false,
        "reportFilename": "mochawesome",
        "saveHtml": false,
        "saveJson": true,
        "consoleReporter": "spec",
        "useInlineDiffs": false,
        "code": true
      },
      "version": "7.1.3"
    },
    "marge": {
      "options": {
        "reportDir": "cypress/results",
        "overwrite": false,
        "html": false,
        "json": true
      },
      "version": "6.2.0"
    }
  }
}