{
  "stats": {
    "suites": 1,
    "tests": 6,
    "passes": 5,
    "pending": 1,
    "failures": 0,
    "start": "2023-02-23T07:14:00.693Z",
    "end": "2023-02-23T07:14:30.662Z",
    "duration": 29969,
    "testsRegistered": 6,
    "passPercent": 100,
    "pendingPercent": 16.666666666666664,
    "other": 0,
    "hasOther": false,
    "skipped": 0,
    "hasSkipped": false
  },
  "results": [
    {
      "uuid": "48c9bbd4-63d5-4347-92b0-5d9807245bfe",
      "title": "",
      "fullFile": "cypress\\e2e\\Swaglabs\\SwagLabs.js",
      "file": "cypress\\e2e\\Swaglabs\\SwagLabs.js",
      "beforeHooks": [],
      "afterHooks": [],
      "tests": [],
      "suites": [
        {
          "uuid": "50e37a26-83e4-4d72-8cbb-a6d2a551b61a",
          "title": "Swaglabs",
          "fullFile": "",
          "file": "",
          "beforeHooks": [],
          "afterHooks": [],
          "tests": [
            {
              "title": "Verify all the users are able to login successfully",
              "fullTitle": "Swaglabs Verify all the users are able to login successfully",
              "timedOut": null,
              "duration": 12569,
              "state": "passed",
              "speed": "slow",
              "pass": true,
              "fail": false,
              "pending": false,
              "context": null,
              "code": "//Standard User\ncy.login(this.data.standarduser, this.data.password);\ncy.logout();\n//problem_user\ncy.login(this.data.probelemuser, this.data.password);\ncy.logout();\n//performance_glitch_user\ncy.login(this.data.perfomanceglitchuser, this.data.password);\ncy.logout();\n//locked_out_user\ncy.login(this.data.lockedoutuser, this.data.password);\ncy.lockedoutUserError(this.data.lockedusererror);",
              "err": {},
              "uuid": "11e9fe61-0f8d-4ee0-b2cd-b7c796a0c379",
              "parentUUID": "50e37a26-83e4-4d72-8cbb-a6d2a551b61a",
              "isHook": false,
              "skipped": false
            },
            {
              "title": "Verify Standard User, search and add multiple products and complete the purchase and shipping flow",
              "fullTitle": "Swaglabs Verify Standard User, search and add multiple products and complete the purchase and shipping flow",
              "timedOut": null,
              "duration": 3473,
              "state": "passed",
              "speed": "fast",
              "pass": true,
              "fail": false,
              "pending": false,
              "context": null,
              "code": "cy.login(this.data.standarduser, this.data.password);\ncy.selectProduct(this.data.productname);\ncy.purchaseShippingFlow(this.data.firstname, this.data.lastname, this.data.postalcode, this.data.successmessage);\ncy.logout();",
              "err": {},
              "uuid": "8c571f6a-7129-4372-98cd-5fc611e73881",
              "parentUUID": "50e37a26-83e4-4d72-8cbb-a6d2a551b61a",
              "isHook": false,
              "skipped": false
            },
            {
              "title": "Locked user, verify the locked scenario",
              "fullTitle": "Swaglabs Locked user, verify the locked scenario",
              "timedOut": null,
              "duration": 915,
              "state": "passed",
              "speed": "fast",
              "pass": true,
              "fail": false,
              "pending": false,
              "context": null,
              "code": "//locked_out_user\ncy.login(this.data.lockedoutuser, this.data.password);\ncy.lockedoutUserError(this.data.lockedusererror);",
              "err": {},
              "uuid": "e525ecd7-a9ab-498b-b839-f6dd0b394328",
              "parentUUID": "50e37a26-83e4-4d72-8cbb-a6d2a551b61a",
              "isHook": false,
              "skipped": false
            },
            {
              "title": "Problem user, verify able to login and see products but problem popup is shown",
              "fullTitle": "Swaglabs Problem user, verify able to login and see products but problem popup is shown",
              "timedOut": null,
              "duration": 2230,
              "state": "passed",
              "speed": "fast",
              "pass": true,
              "fail": false,
              "pending": false,
              "context": null,
              "code": "//problem_user\ncy.login(this.data.probelemuser, this.data.password);\n//cy.wait(3000)\nproblemhomepage.getProducts();\ncy.selectProduct(this.data.problemuserproductname);\ncy.problemUserPurchaseShippingFlow(this.data.firstname, this.data.lastname, this.data.postalcode, this.data.lastnameerror);\ncy.on(\"window:alert\", str => {\n  expect(str).to.contains(this.data.popuptext);\n});",
              "err": {},
              "uuid": "88ecd12a-e86d-4189-86b7-fd08c7fac28b",
              "parentUUID": "50e37a26-83e4-4d72-8cbb-a6d2a551b61a",
              "isHook": false,
              "skipped": false
            },
            {
              "title": "performance_glitch_user, able to login and delay is observed on the login screen",
              "fullTitle": "Swaglabs performance_glitch_user, able to login and delay is observed on the login screen",
              "timedOut": null,
              "duration": 7185,
              "state": "passed",
              "speed": "medium",
              "pass": true,
              "fail": false,
              "pending": false,
              "context": null,
              "code": "cy.normalUser(this.data.standarduser, this.data.password);\ncy.glitchUser(this.data.perfomanceglitchuser, this.data.password);\ncy.delay();",
              "err": {},
              "uuid": "4691abb5-f423-4a7d-9652-9b1663942030",
              "parentUUID": "50e37a26-83e4-4d72-8cbb-a6d2a551b61a",
              "isHook": false,
              "skipped": false
            },
            {
              "title": "Verify all the users are able to login successfully",
              "fullTitle": "Swaglabs Verify all the users are able to login successfully",
              "timedOut": null,
              "duration": 0,
              "state": "pending",
              "speed": null,
              "pass": false,
              "fail": false,
              "pending": true,
              "context": null,
              "code": "cy.login(this.data.standarduser, this.data.password);",
              "err": {},
              "uuid": "ae4a0f4b-07e7-4a4e-9568-19d4659bfea4",
              "parentUUID": "50e37a26-83e4-4d72-8cbb-a6d2a551b61a",
              "isHook": false,
              "skipped": false
            }
          ],
          "suites": [],
          "passes": [
            "11e9fe61-0f8d-4ee0-b2cd-b7c796a0c379",
            "8c571f6a-7129-4372-98cd-5fc611e73881",
            "e525ecd7-a9ab-498b-b839-f6dd0b394328",
            "88ecd12a-e86d-4189-86b7-fd08c7fac28b",
            "4691abb5-f423-4a7d-9652-9b1663942030"
          ],
          "failures": [],
          "pending": [
            "ae4a0f4b-07e7-4a4e-9568-19d4659bfea4"
          ],
          "skipped": [],
          "duration": 26372,
          "root": false,
          "rootEmpty": false,
          "_timeout": 2000
        }
      ],
      "passes": [],
      "failures": [],
      "pending": [],
      "skipped": [],
      "duration": 0,
      "root": true,
      "rootEmpty": true,
      "_timeout": 2000
    }
  ],
  "meta": {
    "mocha": {
      "version": "7.0.1"
    },
    "mochawesome": {
      "options": {
        "quiet": false,
        "reportFilename": "mochawesome",
        "saveHtml": false,
        "saveJson": true,
        "consoleReporter": "spec",
        "useInlineDiffs": false,
        "code": true
      },
      "version": "7.1.3"
    },
    "marge": {
      "options": {
        "reportDir": "cypress/results",
        "overwrite": false,
        "html": false,
        "json": true
      },
      "version": "6.2.0"
    }
  }
}